INFO:     Will watch for changes in these directories: ['D:\\sery17-main\\sery17-main\\backend']
INFO:     Uvicorn running on http://0.0.0.0:8001 (Press CTRL+C to quit)
INFO:     Started reloader process [5952] using StatReload
INFO:     Started server process [15260]
INFO:     Waiting for application startup.
2026-05-19 12:10:44,260 - storage - INFO - Cloudinary storage system initialized (shim)
2026-05-19 12:10:44,281 - server - INFO - Index created: idx_id
2026-05-19 12:10:44,282 - server - INFO - Index created: idx_report_number
2026-05-19 12:10:44,282 - server - INFO - Index created: idx_license_number
2026-05-19 12:10:44,283 - server - INFO - Index created: idx_governorate
2026-05-19 12:10:44,284 - server - INFO - Index created: idx_project
2026-05-19 12:10:44,286 - server - INFO - Index created: idx_contractor
2026-05-19 12:10:44,287 - server - INFO - Index created: idx_status
2026-05-19 12:10:44,288 - server - INFO - Index created: idx_report_type
2026-05-19 12:10:44,289 - server - INFO - Index created: idx_is_deleted
2026-05-19 12:10:44,290 - server - INFO - Index created: idx_created_at
2026-05-19 12:10:44,291 - server - INFO - Index created: idx_created_by
2026-05-19 12:10:44,292 - server - INFO - Index created: idx_reports_main_query
2026-05-19 12:10:44,293 - server - INFO - Index created: idx_reports_contractor_status
2026-05-19 12:10:44,294 - server - INFO - Index created: idx_reports_type
2026-05-19 12:10:44,295 - server - INFO - Index created: idx_reports_search_number
2026-05-19 12:10:44,296 - server - INFO - Index created: idx_reports_search_license
2026-05-19 12:10:44,297 - server - INFO - Index created: idx_reports_48h
2026-05-19 12:10:44,298 - server - INFO - Index created: idx_reports_trash
2026-05-19 12:10:44,299 - server - INFO - Index created: idx_users_id
2026-05-19 12:10:44,300 - server - INFO - Index created: idx_users_username_unique
2026-05-19 12:10:44,301 - server - INFO - Index created: idx_users_email
2026-05-19 12:10:44,302 - server - INFO - Index created: idx_users_created_by
2026-05-19 12:10:44,303 - server - INFO - Index created: idx_users_role
2026-05-19 12:10:44,304 - server - INFO - Index created: idx_contractors_id
2026-05-19 12:10:44,306 - server - INFO - Index created: idx_contractors_name_project
2026-05-19 12:10:44,307 - server - INFO - Index created: idx_contractors_project
2026-05-19 12:10:44,308 - server - INFO - Index created: idx_extracts_id
2026-05-19 12:10:44,309 - server - INFO - Index created: idx_extracts_project_month_year
2026-05-19 12:10:44,310 - server - INFO - Index created: idx_extracts_status
2026-05-19 12:10:44,311 - server - INFO - Index created: idx_extracts_created_at
2026-05-19 12:10:44,311 - server - INFO - Database indexes created successfully
INFO:     Application startup complete.
d:\sery17-main\sery17-main\backend\server.py:14192: DeprecationWarning: 
        on_event is deprecated, use lifespan event handlers instead.

        Read more about it in the
        [FastAPI docs for Lifespan Events](https://fastapi.tiangolo.com/advanced/events/).
        
  @app.on_event("startup")
d:\sery17-main\sery17-main\backend\server.py:14248: DeprecationWarning: 
        on_event is deprecated, use lifespan event handlers instead.

        Read more about it in the
        [FastAPI docs for Lifespan Events](https://fastapi.tiangolo.com/advanced/events/).
        
  @app.on_event("shutdown")
INFO:     Will watch for changes in these directories: ['d:\\sery17-main\\sery17-main\\backend']
INFO:     Uvicorn running on http://0.0.0.0:8001 (Press CTRL+C to quit)
INFO:     Started reloader process [14232] using StatReload
INFO:     Started server process [24900]
INFO:     Waiting for application startup.
2026-05-20 20:22:28,665 - storage - INFO - Cloudinary storage system initialized (shim)
2026-05-20 20:22:28,694 - server - INFO - Index created: idx_id
2026-05-20 20:22:28,695 - server - INFO - Index created: idx_report_number
2026-05-20 20:22:28,696 - server - INFO - Index created: idx_license_number
2026-05-20 20:22:28,697 - server - INFO - Index created: idx_governorate
2026-05-20 20:22:28,698 - server - INFO - Index created: idx_project
2026-05-20 20:22:28,699 - server - INFO - Index created: idx_contractor
2026-05-20 20:22:28,700 - server - INFO - Index created: idx_status
2026-05-20 20:22:28,701 - server - INFO - Index created: idx_report_type
2026-05-20 20:22:28,701 - server - INFO - Index created: idx_is_deleted
2026-05-20 20:22:28,702 - server - INFO - Index created: idx_created_at
2026-05-20 20:22:28,703 - server - INFO - Index created: idx_created_by
2026-05-20 20:22:28,704 - server - INFO - Index created: idx_reports_main_query
2026-05-20 20:22:28,705 - server - INFO - Index created: idx_reports_contractor_status
2026-05-20 20:22:28,706 - server - INFO - Index created: idx_reports_type
2026-05-20 20:22:28,707 - server - INFO - Index created: idx_reports_search_number
2026-05-20 20:22:28,708 - server - INFO - Index created: idx_reports_search_license
2026-05-20 20:22:28,708 - server - INFO - Index created: idx_reports_48h
2026-05-20 20:22:28,709 - server - INFO - Index created: idx_reports_trash
2026-05-20 20:22:28,710 - server - INFO - Index created: idx_users_id
2026-05-20 20:22:28,711 - server - INFO - Index created: idx_users_username_unique
2026-05-20 20:22:28,712 - server - INFO - Index created: idx_users_email
2026-05-20 20:22:28,713 - server - INFO - Index created: idx_users_created_by
2026-05-20 20:22:28,714 - server - INFO - Index created: idx_users_role
2026-05-20 20:22:28,715 - server - INFO - Index created: idx_contractors_id
2026-05-20 20:22:28,716 - server - INFO - Index created: idx_contractors_name_project
2026-05-20 20:22:28,717 - server - INFO - Index created: idx_contractors_project
2026-05-20 20:22:28,718 - server - INFO - Index created: idx_extracts_id
2026-05-20 20:22:28,718 - server - INFO - Index created: idx_extracts_project_month_year
2026-05-20 20:22:28,719 - server - INFO - Index created: idx_extracts_status
2026-05-20 20:22:28,721 - server - INFO - Index created: idx_extracts_created_at
2026-05-20 20:22:28,721 - server - INFO - Database indexes created successfully
INFO:     Application startup complete.
WARNING:  StatReload detected changes in 'server.py'. Reloading...
INFO:     Will watch for changes in these directories: ['d:\\sery17-main\\sery17-main\\backend']
INFO:     Uvicorn running on http://0.0.0.0:8001 (Press CTRL+C to quit)
INFO:     Started reloader process [23348] using StatReload
INFO:     Started server process [21136]
INFO:     Waiting for application startup.
2026-05-20 20:31:26,784 - storage - INFO - Cloudinary storage system initialized (shim)
2026-05-20 20:31:26,853 - server - INFO - Index created: idx_id
2026-05-20 20:31:26,856 - server - INFO - Index created: idx_report_number
2026-05-20 20:31:26,868 - server - INFO - Index created: idx_license_number
2026-05-20 20:31:26,872 - server - INFO - Index created: idx_governorate
2026-05-20 20:31:26,874 - server - INFO - Index created: idx_project
2026-05-20 20:31:26,876 - server - INFO - Index created: idx_contractor
2026-05-20 20:31:26,878 - server - INFO - Index created: idx_status
2026-05-20 20:31:26,880 - server - INFO - Index created: idx_report_type
2026-05-20 20:31:26,882 - server - INFO - Index created: idx_is_deleted
2026-05-20 20:31:26,884 - server - INFO - Index created: idx_created_at
2026-05-20 20:31:26,886 - server - INFO - Index created: idx_created_by
2026-05-20 20:31:26,888 - server - INFO - Index created: idx_reports_main_query
2026-05-20 20:31:26,890 - server - INFO - Index created: idx_reports_contractor_status
2026-05-20 20:31:26,892 - server - INFO - Index created: idx_reports_type
2026-05-20 20:31:26,894 - server - INFO - Index created: idx_reports_search_number
2026-05-20 20:31:26,896 - server - INFO - Index created: idx_reports_search_license
2026-05-20 20:31:26,898 - server - INFO - Index created: idx_reports_48h
2026-05-20 20:31:26,901 - server - INFO - Index created: idx_reports_trash
2026-05-20 20:31:26,902 - server - INFO - Index created: idx_users_id
2026-05-20 20:31:26,904 - server - INFO - Index created: idx_users_username_unique
2026-05-20 20:31:26,906 - server - INFO - Index created: idx_users_email
2026-05-20 20:31:26,908 - server - INFO - Index created: idx_users_created_by
2026-05-20 20:31:26,910 - server - INFO - Index created: idx_users_role
2026-05-20 20:31:26,912 - server - INFO - Index created: idx_contractors_id
2026-05-20 20:31:26,914 - server - INFO - Index created: idx_contractors_name_project
2026-05-20 20:31:26,916 - server - INFO - Index created: idx_contractors_project
2026-05-20 20:31:26,918 - server - INFO - Index created: idx_extracts_id
2026-05-20 20:31:26,920 - server - INFO - Index created: idx_extracts_project_month_year
2026-05-20 20:31:26,922 - server - INFO - Index created: idx_extracts_status
2026-05-20 20:31:26,924 - server - INFO - Index created: idx_extracts_created_at
2026-05-20 20:31:26,924 - server - INFO - Database indexes created successfully
INFO:     Application startup complete.
'uvicorn' is not recognized as an internal or external command,
operable program or batch file.
