
> frontend@0.1.0 start
> craco start

Starting the development server...

Compiled successfully!

You can now view frontend in the browser.

  Local:            http://localhost:3000
  On Your Network:  http://192.168.8.10:3000

Note that the development build is not optimized.
To create a production build, use yarn build.

webpack compiled [1m[32msuccessfully[39m[22m
Compiling...
Compiled successfully!
webpack compiled [1m[32msuccessfully[39m[22m
Compiling...
Compiled successfully!
webpack compiled [1m[32msuccessfully[39m[22m
Compiling...
Compiled successfully!
webpack compiled [1m[32msuccessfully[39m[22m
Compiling...
Compiled successfully!
webpack compiled [1m[32msuccessfully[39m[22m
Compiling...
Compiled successfully!
webpack compiled [1m[32msuccessfully[39m[22m
Compiling...
Compiled successfully!
webpack compiled [1m[32msuccessfully[39m[22m
Compiling...
Compiled successfully!
webpack compiled [1m[32msuccessfully[39m[22m
Compiling...
Compiled successfully!
webpack compiled [1m[32msuccessfully[39m[22m
Compiling...
Compiled successfully!
webpack compiled [1m[32msuccessfully[39m[22m
Compiling...
Compiled successfully!
webpack compiled [1m[32msuccessfully[39m[22m
Compiling...
Compiled successfully!
webpack compiled [1m[32msuccessfully[39m[22m
Compiling...
Compiled successfully!
webpack compiled [1m[32msuccessfully[39m[22m
Compiling...
Compiled successfully!
webpack compiled [1m[32msuccessfully[39m[22m
Compiling...
Compiled successfully!
webpack compiled [1m[32msuccessfully[39m[22m
Compiling...
Compiled successfully!
webpack compiled [1m[32msuccessfully[39m[22m
Compiling...
Compiled successfully!
webpack compiled [1m[32msuccessfully[39m[22m
Compiling...
Compiled successfully!
webpack compiled [1m[32msuccessfully[39m[22m
Compiling...
Compiled successfully!
webpack compiled [1m[32msuccessfully[39m[22m
Compiling...
Compiled successfully!
webpack compiled [1m[32msuccessfully[39m[22m
Compiling...
Compiled successfully!
webpack compiled [1m[32msuccessfully[39m[22m
Compiling...
Compiled successfully!
webpack compiled [1m[32msuccessfully[39m[22m
Compiling...
Compiled successfully!
webpack compiled [1m[32msuccessfully[39m[22m
Compiling...
Compiled successfully!
webpack compiled [1m[32msuccessfully[39m[22m
Compiling...
Compiled successfully!
webpack compiled [1m[32msuccessfully[39m[22m
Compiling...
Failed to compile.

[eslint] 
src\pages\Extracts.js
Syntax error: Expected corresponding JSX closing tag for <Layout>. (855:6) (855:6)
[1m[31mERROR[39m[22m in [1m./src/pages/Extracts.js[39m[22m
Module build failed (from ./node_modules/babel-loader/lib/index.js):
SyntaxError: D:\sery17-main\sery17-main\frontend\src\pages\Extracts.js: Expected corresponding JSX closing tag for <Layout>. (855:6)

[0m [90m 853 |[39m           [33m<[39m[33m/[39m[33mdiv[39m[33m>[39m
 [90m 854 |[39m         )}
[31m[1m>[22m[39m[90m 855 |[39m       [33m<[39m[33m/[39m[33mdiv[39m[33m>[39m
 [90m     |[39m       [31m[1m^[22m[39m
 [90m 856 |[39m     [33m<[39m[33m/[39m[33mLayout[39m[33m>[39m
 [90m 857 |[39m     )[33m;[39m
 [90m 858 |[39m   }[0m
    at constructor (D:\sery17-main\sery17-main\frontend\node_modules\@babel\parser\lib\index.js:367:19)
    at FlowParserMixin.raise (D:\sery17-main\sery17-main\frontend\node_modules\@babel\parser\lib\index.js:6624:19)
    at FlowParserMixin.jsxParseElementAt (D:\sery17-main\sery17-main\frontend\node_modules\@babel\parser\lib\index.js:4756:16)
    at FlowParserMixin.jsxParseElement (D:\sery17-main\sery17-main\frontend\node_modules\@babel\parser\lib\index.js:4778:17)
    at FlowParserMixin.parseExprAtom (D:\sery17-main\sery17-main\frontend\node_modules\@babel\parser\lib\index.js:4788:19)
    at FlowParserMixin.parseExprSubscripts (D:\sery17-main\sery17-main\frontend\node_modules\@babel\parser\lib\index.js:11145:23)
    at FlowParserMixin.parseUpdate (D:\sery17-main\sery17-main\frontend\node_modules\@babel\parser\lib\index.js:11130:21)
    at FlowParserMixin.parseMaybeUnary (D:\sery17-main\sery17-main\frontend\node_modules\@babel\parser\lib\index.js:11110:23)
    at FlowParserMixin.parseMaybeUnaryOrPrivate (D:\sery17-main\sery17-main\frontend\node_modules\@babel\parser\lib\index.js:10963:61)
    at FlowParserMixin.parseExprOps (D:\sery17-main\sery17-main\frontend\node_modules\@babel\parser\lib\index.js:10968:23)
    at FlowParserMixin.parseMaybeConditional (D:\sery17-main\sery17-main\frontend\node_modules\@babel\parser\lib\index.js:10945:23)
    at FlowParserMixin.parseMaybeAssign (D:\sery17-main\sery17-main\frontend\node_modules\@babel\parser\lib\index.js:10895:21)
    at D:\sery17-main\sery17-main\frontend\node_modules\@babel\parser\lib\index.js:3527:39
    at FlowParserMixin.tryParse (D:\sery17-main\sery17-main\frontend\node_modules\@babel\parser\lib\index.js:6932:20)
    at FlowParserMixin.parseMaybeAssign (D:\sery17-main\sery17-main\frontend\node_modules\@babel\parser\lib\index.js:3527:18)
    at D:\sery17-main\sery17-main\frontend\node_modules\@babel\parser\lib\index.js:10864:39
    at FlowParserMixin.allowInAnd (D:\sery17-main\sery17-main\frontend\node_modules\@babel\parser\lib\index.js:12500:12)
    at FlowParserMixin.parseMaybeAssignAllowIn (D:\sery17-main\sery17-main\frontend\node_modules\@babel\parser\lib\index.js:10864:17)
    at FlowParserMixin.parseMaybeAssignAllowInOrVoidPattern (D:\sery17-main\sery17-main\frontend\node_modules\@babel\parser\lib\index.js:12567:17)
    at FlowParserMixin.parseParenAndDistinguishExpression (D:\sery17-main\sery17-main\frontend\node_modules\@babel\parser\lib\index.js:11747:28)
    at FlowParserMixin.parseParenAndDistinguishExpression (D:\sery17-main\sery17-main\frontend\node_modules\@babel\parser\lib\index.js:3620:18)
    at FlowParserMixin.parseExprAtom (D:\sery17-main\sery17-main\frontend\node_modules\@babel\parser\lib\index.js:11395:23)
    at FlowParserMixin.parseExprAtom (D:\sery17-main\sery17-main\frontend\node_modules\@babel\parser\lib\index.js:4793:20)
    at FlowParserMixin.parseExprSubscripts (D:\sery17-main\sery17-main\frontend\node_modules\@babel\parser\lib\index.js:11145:23)
    at FlowParserMixin.parseUpdate (D:\sery17-main\sery17-main\frontend\node_modules\@babel\parser\lib\index.js:11130:21)
    at FlowParserMixin.parseMaybeUnary (D:\sery17-main\sery17-main\frontend\node_modules\@babel\parser\lib\index.js:11110:23)
    at FlowParserMixin.parseMaybeUnaryOrPrivate (D:\sery17-main\sery17-main\frontend\node_modules\@babel\parser\lib\index.js:10963:61)
    at FlowParserMixin.parseExprOps (D:\sery17-main\sery17-main\frontend\node_modules\@babel\parser\lib\index.js:10968:23)
    at FlowParserMixin.parseMaybeConditional (D:\sery17-main\sery17-main\frontend\node_modules\@babel\parser\lib\index.js:10945:23)
    at FlowParserMixin.parseMaybeAssign (D:\sery17-main\sery17-main\frontend\node_modules\@babel\parser\lib\index.js:10895:21)
    at FlowParserMixin.parseMaybeAssign (D:\sery17-main\sery17-main\frontend\node_modules\@babel\parser\lib\index.js:3578:18)
    at FlowParserMixin.parseExpressionBase (D:\sery17-main\sery17-main\frontend\node_modules\@babel\parser\lib\index.js:10848:23)
    at D:\sery17-main\sery17-main\frontend\node_modules\@babel\parser\lib\index.js:10844:39
    at FlowParserMixin.allowInAnd (D:\sery17-main\sery17-main\frontend\node_modules\@babel\parser\lib\index.js:12495:16)
    at FlowParserMixin.parseExpression (D:\sery17-main\sery17-main\frontend\node_modules\@babel\parser\lib\index.js:10844:17)
    at FlowParserMixin.parseReturnStatement (D:\sery17-main\sery17-main\frontend\node_modules\@babel\parser\lib\index.js:13218:28)
    at FlowParserMixin.parseStatementContent (D:\sery17-main\sery17-main\frontend\node_modules\@babel\parser\lib\index.js:12874:21)
    at FlowParserMixin.parseStatementLike (D:\sery17-main\sery17-main\frontend\node_modules\@babel\parser\lib\index.js:12843:17)
    at FlowParserMixin.parseStatementLike (D:\sery17-main\sery17-main\frontend\node_modules\@babel\parser\lib\index.js:2945:24)
    at FlowParserMixin.parseStatementListItem (D:\sery17-main\sery17-main\frontend\node_modules\@babel\parser\lib\index.js:12823:17)
    at FlowParserMixin.parseBlockOrModuleBlockBody (D:\sery17-main\sery17-main\frontend\node_modules\@babel\parser\lib\index.js:13392:61)
    at FlowParserMixin.parseBlockBody (D:\sery17-main\sery17-main\frontend\node_modules\@babel\parser\lib\index.js:13385:10)
    at FlowParserMixin.parseBlock (D:\sery17-main\sery17-main\frontend\node_modules\@babel\parser\lib\index.js:13373:10)
    at FlowParserMixin.parseStatementContent (D:\sery17-main\sery17-main\frontend\node_modules\@babel\parser\lib\index.js:12934:21)
    at FlowParserMixin.parseStatementLike (D:\sery17-main\sery17-main\frontend\node_modules\@babel\parser\lib\index.js:12843:17)
    at FlowParserMixin.parseStatementLike (D:\sery17-main\sery17-main\frontend\node_modules\@babel\parser\lib\index.js:2945:24)
    at FlowParserMixin.parseStatementOrSloppyAnnexBFunctionDeclaration (D:\sery17-main\sery17-main\frontend\node_modules\@babel\parser\lib\index.js:12833:17)
    at FlowParserMixin.parseIfStatement (D:\sery17-main\sery17-main\frontend\node_modules\@babel\parser\lib\index.js:13206:28)
    at FlowParserMixin.parseStatementContent (D:\sery17-main\sery17-main\frontend\node_modules\@babel\parser\lib\index.js:12872:21)
    at FlowParserMixin.parseStatementLike (D:\sery17-main\sery17-main\frontend\node_modules\@babel\parser\lib\index.js:12843:17)

[1m[31mERROR[39m[22m in [1m[eslint] 
src\pages\Extracts.js
  Line 855:6:  Parsing [1m[31merror[39m[22m[1m: Expected corresponding JSX closing tag for <Layout>. (855:6)

[39m[22m

webpack compiled with [1m[31m2 errors[39m[22m
Compiling...
Failed to compile.

[eslint] 
src\pages\Extracts.js
Syntax error: Expected corresponding JSX closing tag for <div>. (854:6) (854:6)
[1m[31mERROR[39m[22m in [1m./src/pages/Extracts.js[39m[22m
Module build failed (from ./node_modules/babel-loader/lib/index.js):
SyntaxError: D:\sery17-main\sery17-main\frontend\src\pages\Extracts.js: Expected corresponding JSX closing tag for <div>. (854:6)

[0m [90m 852 |[39m           [33m<[39m[33m/[39m[33mdiv[39m[33m>[39m
 [90m 853 |[39m         )}
[31m[1m>[22m[39m[90m 854 |[39m       [33m<[39m[33m/[39m[33mLayout[39m[33m>[39m
 [90m     |[39m       [31m[1m^[22m[39m
 [90m 855 |[39m     )[33m;[39m
 [90m 856 |[39m   }
 [90m 857 |[39m[0m
    at constructor (D:\sery17-main\sery17-main\frontend\node_modules\@babel\parser\lib\index.js:367:19)
    at FlowParserMixin.raise (D:\sery17-main\sery17-main\frontend\node_modules\@babel\parser\lib\index.js:6624:19)
    at FlowParserMixin.jsxParseElementAt (D:\sery17-main\sery17-main\frontend\node_modules\@babel\parser\lib\index.js:4756:16)
    at FlowParserMixin.jsxParseElement (D:\sery17-main\sery17-main\frontend\node_modules\@babel\parser\lib\index.js:4778:17)
    at FlowParserMixin.parseExprAtom (D:\sery17-main\sery17-main\frontend\node_modules\@babel\parser\lib\index.js:4788:19)
    at FlowParserMixin.parseExprSubscripts (D:\sery17-main\sery17-main\frontend\node_modules\@babel\parser\lib\index.js:11145:23)
    at FlowParserMixin.parseUpdate (D:\sery17-main\sery17-main\frontend\node_modules\@babel\parser\lib\index.js:11130:21)
    at FlowParserMixin.parseMaybeUnary (D:\sery17-main\sery17-main\frontend\node_modules\@babel\parser\lib\index.js:11110:23)
    at FlowParserMixin.parseMaybeUnaryOrPrivate (D:\sery17-main\sery17-main\frontend\node_modules\@babel\parser\lib\index.js:10963:61)
    at FlowParserMixin.parseExprOps (D:\sery17-main\sery17-main\frontend\node_modules\@babel\parser\lib\index.js:10968:23)
    at FlowParserMixin.parseMaybeConditional (D:\sery17-main\sery17-main\frontend\node_modules\@babel\parser\lib\index.js:10945:23)
    at FlowParserMixin.parseMaybeAssign (D:\sery17-main\sery17-main\frontend\node_modules\@babel\parser\lib\index.js:10895:21)
    at D:\sery17-main\sery17-main\frontend\node_modules\@babel\parser\lib\index.js:3527:39
    at FlowParserMixin.tryParse (D:\sery17-main\sery17-main\frontend\node_modules\@babel\parser\lib\index.js:6932:20)
    at FlowParserMixin.parseMaybeAssign (D:\sery17-main\sery17-main\frontend\node_modules\@babel\parser\lib\index.js:3527:18)
    at D:\sery17-main\sery17-main\frontend\node_modules\@babel\parser\lib\index.js:10864:39
    at FlowParserMixin.allowInAnd (D:\sery17-main\sery17-main\frontend\node_modules\@babel\parser\lib\index.js:12500:12)
    at FlowParserMixin.parseMaybeAssignAllowIn (D:\sery17-main\sery17-main\frontend\node_modules\@babel\parser\lib\index.js:10864:17)
    at FlowParserMixin.parseMaybeAssignAllowInOrVoidPattern (D:\sery17-main\sery17-main\frontend\node_modules\@babel\parser\lib\index.js:12567:17)
    at FlowParserMixin.parseParenAndDistinguishExpression (D:\sery17-main\sery17-main\frontend\node_modules\@babel\parser\lib\index.js:11747:28)
    at FlowParserMixin.parseParenAndDistinguishExpression (D:\sery17-main\sery17-main\frontend\node_modules\@babel\parser\lib\index.js:3620:18)
    at FlowParserMixin.parseExprAtom (D:\sery17-main\sery17-main\frontend\node_modules\@babel\parser\lib\index.js:11395:23)
    at FlowParserMixin.parseExprAtom (D:\sery17-main\sery17-main\frontend\node_modules\@babel\parser\lib\index.js:4793:20)
    at FlowParserMixin.parseExprSubscripts (D:\sery17-main\sery17-main\frontend\node_modules\@babel\parser\lib\index.js:11145:23)
    at FlowParserMixin.parseUpdate (D:\sery17-main\sery17-main\frontend\node_modules\@babel\parser\lib\index.js:11130:21)
    at FlowParserMixin.parseMaybeUnary (D:\sery17-main\sery17-main\frontend\node_modules\@babel\parser\lib\index.js:11110:23)
    at FlowParserMixin.parseMaybeUnaryOrPrivate (D:\sery17-main\sery17-main\frontend\node_modules\@babel\parser\lib\index.js:10963:61)
    at FlowParserMixin.parseExprOpBaseRightExpr (D:\sery17-main\sery17-main\frontend\node_modules\@babel\parser\lib\index.js:11050:34)
    at FlowParserMixin.parseExprOpRightExpr (D:\sery17-main\sery17-main\frontend\node_modules\@babel\parser\lib\index.js:11045:21)
    at FlowParserMixin.parseExprOp (D:\sery17-main\sery17-main\frontend\node_modules\@babel\parser\lib\index.js:11011:27)
    at FlowParserMixin.parseExprOps (D:\sery17-main\sery17-main\frontend\node_modules\@babel\parser\lib\index.js:10972:17)
    at FlowParserMixin.parseMaybeConditional (D:\sery17-main\sery17-main\frontend\node_modules\@babel\parser\lib\index.js:10945:23)
    at FlowParserMixin.parseMaybeAssign (D:\sery17-main\sery17-main\frontend\node_modules\@babel\parser\lib\index.js:10895:21)
    at FlowParserMixin.parseMaybeAssign (D:\sery17-main\sery17-main\frontend\node_modules\@babel\parser\lib\index.js:3578:18)
    at FlowParserMixin.parseExpressionBase (D:\sery17-main\sery17-main\frontend\node_modules\@babel\parser\lib\index.js:10848:23)
    at D:\sery17-main\sery17-main\frontend\node_modules\@babel\parser\lib\index.js:10844:39
    at FlowParserMixin.allowInAnd (D:\sery17-main\sery17-main\frontend\node_modules\@babel\parser\lib\index.js:12500:12)
    at FlowParserMixin.parseExpression (D:\sery17-main\sery17-main\frontend\node_modules\@babel\parser\lib\index.js:10844:17)
    at FlowParserMixin.jsxParseExpressionContainer (D:\sery17-main\sery17-main\frontend\node_modules\@babel\parser\lib\index.js:4661:31)
    at FlowParserMixin.jsxParseElementAt (D:\sery17-main\sery17-main\frontend\node_modules\@babel\parser\lib\index.js:4740:36)
    at FlowParserMixin.jsxParseElement (D:\sery17-main\sery17-main\frontend\node_modules\@babel\parser\lib\index.js:4778:17)
    at FlowParserMixin.parseExprAtom (D:\sery17-main\sery17-main\frontend\node_modules\@babel\parser\lib\index.js:4788:19)
    at FlowParserMixin.parseExprSubscripts (D:\sery17-main\sery17-main\frontend\node_modules\@babel\parser\lib\index.js:11145:23)
    at FlowParserMixin.parseUpdate (D:\sery17-main\sery17-main\frontend\node_modules\@babel\parser\lib\index.js:11130:21)
    at FlowParserMixin.parseMaybeUnary (D:\sery17-main\sery17-main\frontend\node_modules\@babel\parser\lib\index.js:11110:23)
    at FlowParserMixin.parseMaybeUnaryOrPrivate (D:\sery17-main\sery17-main\frontend\node_modules\@babel\parser\lib\index.js:10963:61)
    at FlowParserMixin.parseExprOps (D:\sery17-main\sery17-main\frontend\node_modules\@babel\parser\lib\index.js:10968:23)
    at FlowParserMixin.parseMaybeConditional (D:\sery17-main\sery17-main\frontend\node_modules\@babel\parser\lib\index.js:10945:23)
    at FlowParserMixin.parseMaybeAssign (D:\sery17-main\sery17-main\frontend\node_modules\@babel\parser\lib\index.js:10895:21)
    at D:\sery17-main\sery17-main\frontend\node_modules\@babel\parser\lib\index.js:3527:39

[1m[31mERROR[39m[22m in [1m[eslint] 
src\pages\Extracts.js
  Line 854:6:  Parsing [1m[31merror[39m[22m[1m: Expected corresponding JSX closing tag for <div>. (854:6)

[39m[22m

webpack compiled with [1m[31m2 errors[39m[22m
Compiling...
Compiled successfully!
webpack compiled [1m[32msuccessfully[39m[22m
Compiling...
Compiled successfully!
webpack compiled [1m[32msuccessfully[39m[22m
Compiling...
Compiled successfully!
webpack compiled [1m[32msuccessfully[39m[22m
Compiling...
Compiled successfully!
webpack compiled [1m[32msuccessfully[39m[22m
Compiling...
Compiled successfully!
webpack compiled [1m[32msuccessfully[39m[22m
Compiling...
Failed to compile.

[eslint] 
src\pages\Extracts.js
Syntax error: Unexpected token, expected "jsxTagEnd" (703:57) (703:57)
[1m[31mERROR[39m[22m in [1m./src/pages/Extracts.js[39m[22m
Module build failed (from ./node_modules/babel-loader/lib/index.js):
SyntaxError: D:\sery17-main\sery17-main\frontend\src\pages\Extracts.js: Unexpected token, expected "jsxTagEnd" (703:57)

[0m [90m 701 |[39m                           [33m<[39m[33mth[39m className[33m=[39m[32m"px-4 py-3 text-center text-xs font-medium text-gray-600"[39m[33m>[39m{t([32m'extractsPage.actions'[39m)}[33m<[39m[33m/[39m[33mth[39m[33m>[39m
 [90m 702 |[39m                         [33m<[39m[33m/[39m[33mtr[39m[33m>[39m
[31m[1m>[22m[39m[90m 703 |[39m                       [33m<[39m[33m/[39m[33mthea[39m                             [33m<[39m[33mtd[39m className[33m=[39m[32m"px-4 py-3 text-center"[39m[33m>[39m
 [90m     |[39m                                                          [31m[1m^[22m[39m
 [90m 704 |[39m                               [33m<[39m[33mdiv[39m className[33m=[39m[32m"relative inline-block text-left"[39m onClick[33m=[39m{(event) [33m=>[39m event[33m.[39mstopPropagation()}[33m>[39m
 [90m 705 |[39m                                 [33m<[39m[33mbutton[39m 
 [90m 706 |[39m                                   onClick[33m=[39m{() [33m=>[39m setActiveDropdown(activeDropdown [33m===[39m e[33m.[39mid [33m?[39m [36mnull[39m [33m:[39m e[33m.[39mid)}[0m
    at constructor (D:\sery17-main\sery17-main\frontend\node_modules\@babel\parser\lib\index.js:367:19)
    at FlowParserMixin.raise (D:\sery17-main\sery17-main\frontend\node_modules\@babel\parser\lib\index.js:6624:19)
    at FlowParserMixin.unexpected (D:\sery17-main\sery17-main\frontend\node_modules\@babel\parser\lib\index.js:6644:16)
    at FlowParserMixin.expect (D:\sery17-main\sery17-main\frontend\node_modules\@babel\parser\lib\index.js:6924:12)
    at FlowParserMixin.jsxParseClosingElementAt (D:\sery17-main\sery17-main\frontend\node_modules\@babel\parser\lib\index.js:4709:10)
    at FlowParserMixin.jsxParseElementAt (D:\sery17-main\sery17-main\frontend\node_modules\@babel\parser\lib\index.js:4724:37)
    at FlowParserMixin.jsxParseElementAt (D:\sery17-main\sery17-main\frontend\node_modules\@babel\parser\lib\index.js:4727:32)
    at FlowParserMixin.jsxParseElementAt (D:\sery17-main\sery17-main\frontend\node_modules\@babel\parser\lib\index.js:4727:32)
    at FlowParserMixin.jsxParseElementAt (D:\sery17-main\sery17-main\frontend\node_modules\@babel\parser\lib\index.js:4727:32)
    at FlowParserMixin.jsxParseElement (D:\sery17-main\sery17-main\frontend\node_modules\@babel\parser\lib\index.js:4778:17)
    at FlowParserMixin.parseExprAtom (D:\sery17-main\sery17-main\frontend\node_modules\@babel\parser\lib\index.js:4788:19)
    at FlowParserMixin.parseExprSubscripts (D:\sery17-main\sery17-main\frontend\node_modules\@babel\parser\lib\index.js:11145:23)
    at FlowParserMixin.parseUpdate (D:\sery17-main\sery17-main\frontend\node_modules\@babel\parser\lib\index.js:11130:21)
    at FlowParserMixin.parseMaybeUnary (D:\sery17-main\sery17-main\frontend\node_modules\@babel\parser\lib\index.js:11110:23)
    at FlowParserMixin.parseMaybeUnaryOrPrivate (D:\sery17-main\sery17-main\frontend\node_modules\@babel\parser\lib\index.js:10963:61)
    at FlowParserMixin.parseExprOps (D:\sery17-main\sery17-main\frontend\node_modules\@babel\parser\lib\index.js:10968:23)
    at FlowParserMixin.parseMaybeConditional (D:\sery17-main\sery17-main\frontend\node_modules\@babel\parser\lib\index.js:10945:23)
    at FlowParserMixin.parseMaybeAssign (D:\sery17-main\sery17-main\frontend\node_modules\@babel\parser\lib\index.js:10895:21)
    at D:\sery17-main\sery17-main\frontend\node_modules\@babel\parser\lib\index.js:3527:39
    at FlowParserMixin.tryParse (D:\sery17-main\sery17-main\frontend\node_modules\@babel\parser\lib\index.js:6932:20)
    at FlowParserMixin.parseMaybeAssign (D:\sery17-main\sery17-main\frontend\node_modules\@babel\parser\lib\index.js:3527:18)
    at D:\sery17-main\sery17-main\frontend\node_modules\@babel\parser\lib\index.js:10864:39
    at FlowParserMixin.allowInAnd (D:\sery17-main\sery17-main\frontend\node_modules\@babel\parser\lib\index.js:12500:12)
    at FlowParserMixin.parseMaybeAssignAllowIn (D:\sery17-main\sery17-main\frontend\node_modules\@babel\parser\lib\index.js:10864:17)
    at FlowParserMixin.parseMaybeAssignAllowInOrVoidPattern (D:\sery17-main\sery17-main\frontend\node_modules\@babel\parser\lib\index.js:12567:17)
    at FlowParserMixin.parseParenAndDistinguishExpression (D:\sery17-main\sery17-main\frontend\node_modules\@babel\parser\lib\index.js:11747:28)
    at FlowParserMixin.parseParenAndDistinguishExpression (D:\sery17-main\sery17-main\frontend\node_modules\@babel\parser\lib\index.js:3620:18)
    at FlowParserMixin.parseExprAtom (D:\sery17-main\sery17-main\frontend\node_modules\@babel\parser\lib\index.js:11395:23)
    at FlowParserMixin.parseExprAtom (D:\sery17-main\sery17-main\frontend\node_modules\@babel\parser\lib\index.js:4793:20)
    at FlowParserMixin.parseExprSubscripts (D:\sery17-main\sery17-main\frontend\node_modules\@babel\parser\lib\index.js:11145:23)
    at FlowParserMixin.parseUpdate (D:\sery17-main\sery17-main\frontend\node_modules\@babel\parser\lib\index.js:11130:21)
    at FlowParserMixin.parseMaybeUnary (D:\sery17-main\sery17-main\frontend\node_modules\@babel\parser\lib\index.js:11110:23)
    at FlowParserMixin.parseMaybeUnaryOrPrivate (D:\sery17-main\sery17-main\frontend\node_modules\@babel\parser\lib\index.js:10963:61)
    at FlowParserMixin.parseExprOps (D:\sery17-main\sery17-main\frontend\node_modules\@babel\parser\lib\index.js:10968:23)
    at FlowParserMixin.parseMaybeConditional (D:\sery17-main\sery17-main\frontend\node_modules\@babel\parser\lib\index.js:10945:23)
    at FlowParserMixin.parseMaybeAssign (D:\sery17-main\sery17-main\frontend\node_modules\@babel\parser\lib\index.js:10895:21)
    at FlowParserMixin.parseMaybeAssign (D:\sery17-main\sery17-main\frontend\node_modules\@babel\parser\lib\index.js:3578:18)
    at D:\sery17-main\sery17-main\frontend\node_modules\@babel\parser\lib\index.js:3045:77
    at FlowParserMixin.forwardNoArrowParamsConversionAt (D:\sery17-main\sery17-main\frontend\node_modules\@babel\parser\lib\index.js:3095:16)
    at FlowParserMixin.parseConditional (D:\sery17-main\sery17-main\frontend\node_modules\@babel\parser\lib\index.js:3045:27)
    at FlowParserMixin.parseMaybeConditional (D:\sery17-main\sery17-main\frontend\node_modules\@babel\parser\lib\index.js:10949:17)
    at FlowParserMixin.parseMaybeAssign (D:\sery17-main\sery17-main\frontend\node_modules\@babel\parser\lib\index.js:10895:21)
    at FlowParserMixin.parseMaybeAssign (D:\sery17-main\sery17-main\frontend\node_modules\@babel\parser\lib\index.js:3578:18)
    at D:\sery17-main\sery17-main\frontend\node_modules\@babel\parser\lib\index.js:3045:77
    at FlowParserMixin.forwardNoArrowParamsConversionAt (D:\sery17-main\sery17-main\frontend\node_modules\@babel\parser\lib\index.js:3095:16)
    at FlowParserMixin.parseConditional (D:\sery17-main\sery17-main\frontend\node_modules\@babel\parser\lib\index.js:3045:27)
    at FlowParserMixin.parseMaybeConditional (D:\sery17-main\sery17-main\frontend\node_modules\@babel\parser\lib\index.js:10949:17)
    at FlowParserMixin.parseMaybeAssign (D:\sery17-main\sery17-main\frontend\node_modules\@babel\parser\lib\index.js:10895:21)
    at FlowParserMixin.parseMaybeAssign (D:\sery17-main\sery17-main\frontend\node_modules\@babel\parser\lib\index.js:3578:18)
    at FlowParserMixin.parseExpressionBase (D:\sery17-main\sery17-main\frontend\node_modules\@babel\parser\lib\index.js:10848:23)

[1m[31mERROR[39m[22m in [1m[eslint] 
src\pages\Extracts.js
  Line 703:57:  Parsing [1m[31merror[39m[22m[1m: [1m[31mUnexpected[39m[22m[1m token, expected "jsxTagEnd" (703:57)

[39m[22m

webpack compiled with [1m[31m2 errors[39m[22m
Compiling...
Compiled successfully!
webpack compiled [1m[32msuccessfully[39m[22m
Compiling...
Compiled successfully!
webpack compiled [1m[32msuccessfully[39m[22m
Compiling...
Compiled successfully!
webpack compiled [1m[32msuccessfully[39m[22m
Compiling...
Compiled successfully!
webpack compiled [1m[32msuccessfully[39m[22m
Compiling...
Compiled successfully!
webpack compiled [1m[32msuccessfully[39m[22m
Compiling...
Compiled successfully!
webpack compiled [1m[32msuccessfully[39m[22m
Compiling...
Compiled successfully!
webpack compiled [1m[32msuccessfully[39m[22m
Compiling...
Failed to compile.

[eslint] 
src\pages\Login.js
Syntax error: Unexpected token, expected "}" (480:27) (480:27)
[1m[31mERROR[39m[22m in [1m./src/pages/Login.js[39m[22m
Module build failed (from ./node_modules/babel-loader/lib/index.js):
SyntaxError: D:\sery17-main\sery17-main\frontend\src\pages\Login.js: Unexpected token, expected "}" (480:27)

[0m [90m 478 |[39m [32m            className="rounded-[3rem] shadow-2xl max-w-md w-full p-12 relative z-10 border-2"[39m
 [90m 479 |[39m [32m            style={{ [39m
[31m[1m>[22m[39m[90m 480 |[39m [32m              background: `[39mlinear[33m-[39mgradient([35m135[39mdeg[33m,[39m ${getThemeColor([32m'primary'[39m)}f5[33m,[39m ${getThemeColor([32m'hover'[39m)}f9)[32m`,[39m
 [90m     |[39m                            [31m[1m^[22m[39m
 [90m 481 |[39m [32m              borderColor: `[39m${getThemeColor([32m'primary'[39m)}[35m66[39m[32m`[39m
 [90m 482 |[39m [32m            }}[39m
 [90m 483 |[39m [32m          >[39m[0m
    at constructor (D:\sery17-main\sery17-main\frontend\node_modules\@babel\parser\lib\index.js:367:19)
    at FlowParserMixin.raise (D:\sery17-main\sery17-main\frontend\node_modules\@babel\parser\lib\index.js:6624:19)
    at FlowParserMixin.unexpected (D:\sery17-main\sery17-main\frontend\node_modules\@babel\parser\lib\index.js:6644:16)
    at FlowParserMixin.expect (D:\sery17-main\sery17-main\frontend\node_modules\@babel\parser\lib\index.js:6924:12)
    at FlowParserMixin.jsxParseExpressionContainer (D:\sery17-main\sery17-main\frontend\node_modules\@babel\parser\lib\index.js:4666:10)
    at FlowParserMixin.jsxParseElementAt (D:\sery17-main\sery17-main\frontend\node_modules\@babel\parser\lib\index.js:4740:36)
    at FlowParserMixin.jsxParseElementAt (D:\sery17-main\sery17-main\frontend\node_modules\@babel\parser\lib\index.js:4727:32)
    at FlowParserMixin.jsxParseElementAt (D:\sery17-main\sery17-main\frontend\node_modules\@babel\parser\lib\index.js:4727:32)
    at FlowParserMixin.jsxParseElementAt (D:\sery17-main\sery17-main\frontend\node_modules\@babel\parser\lib\index.js:4727:32)
    at FlowParserMixin.jsxParseElement (D:\sery17-main\sery17-main\frontend\node_modules\@babel\parser\lib\index.js:4778:17)
    at FlowParserMixin.parseExprAtom (D:\sery17-main\sery17-main\frontend\node_modules\@babel\parser\lib\index.js:4788:19)
    at FlowParserMixin.parseExprSubscripts (D:\sery17-main\sery17-main\frontend\node_modules\@babel\parser\lib\index.js:11145:23)
    at FlowParserMixin.parseUpdate (D:\sery17-main\sery17-main\frontend\node_modules\@babel\parser\lib\index.js:11130:21)
    at FlowParserMixin.parseMaybeUnary (D:\sery17-main\sery17-main\frontend\node_modules\@babel\parser\lib\index.js:11110:23)
    at FlowParserMixin.parseMaybeUnaryOrPrivate (D:\sery17-main\sery17-main\frontend\node_modules\@babel\parser\lib\index.js:10963:61)
    at FlowParserMixin.parseExprOps (D:\sery17-main\sery17-main\frontend\node_modules\@babel\parser\lib\index.js:10968:23)
    at FlowParserMixin.parseMaybeConditional (D:\sery17-main\sery17-main\frontend\node_modules\@babel\parser\lib\index.js:10945:23)
    at FlowParserMixin.parseMaybeAssign (D:\sery17-main\sery17-main\frontend\node_modules\@babel\parser\lib\index.js:10895:21)
    at D:\sery17-main\sery17-main\frontend\node_modules\@babel\parser\lib\index.js:3527:39
    at FlowParserMixin.tryParse (D:\sery17-main\sery17-main\frontend\node_modules\@babel\parser\lib\index.js:6932:20)
    at FlowParserMixin.parseMaybeAssign (D:\sery17-main\sery17-main\frontend\node_modules\@babel\parser\lib\index.js:3527:18)
    at D:\sery17-main\sery17-main\frontend\node_modules\@babel\parser\lib\index.js:10864:39
    at FlowParserMixin.allowInAnd (D:\sery17-main\sery17-main\frontend\node_modules\@babel\parser\lib\index.js:12500:12)
    at FlowParserMixin.parseMaybeAssignAllowIn (D:\sery17-main\sery17-main\frontend\node_modules\@babel\parser\lib\index.js:10864:17)
    at FlowParserMixin.parseMaybeAssignAllowInOrVoidPattern (D:\sery17-main\sery17-main\frontend\node_modules\@babel\parser\lib\index.js:12567:17)
    at FlowParserMixin.parseParenAndDistinguishExpression (D:\sery17-main\sery17-main\frontend\node_modules\@babel\parser\lib\index.js:11747:28)
    at FlowParserMixin.parseParenAndDistinguishExpression (D:\sery17-main\sery17-main\frontend\node_modules\@babel\parser\lib\index.js:3620:18)
    at FlowParserMixin.parseExprAtom (D:\sery17-main\sery17-main\frontend\node_modules\@babel\parser\lib\index.js:11395:23)
    at FlowParserMixin.parseExprAtom (D:\sery17-main\sery17-main\frontend\node_modules\@babel\parser\lib\index.js:4793:20)
    at FlowParserMixin.parseExprSubscripts (D:\sery17-main\sery17-main\frontend\node_modules\@babel\parser\lib\index.js:11145:23)
    at FlowParserMixin.parseUpdate (D:\sery17-main\sery17-main\frontend\node_modules\@babel\parser\lib\index.js:11130:21)
    at FlowParserMixin.parseMaybeUnary (D:\sery17-main\sery17-main\frontend\node_modules\@babel\parser\lib\index.js:11110:23)
    at FlowParserMixin.parseMaybeUnaryOrPrivate (D:\sery17-main\sery17-main\frontend\node_modules\@babel\parser\lib\index.js:10963:61)
    at FlowParserMixin.parseExprOpBaseRightExpr (D:\sery17-main\sery17-main\frontend\node_modules\@babel\parser\lib\index.js:11050:34)
    at FlowParserMixin.parseExprOpRightExpr (D:\sery17-main\sery17-main\frontend\node_modules\@babel\parser\lib\index.js:11045:21)
    at FlowParserMixin.parseExprOp (D:\sery17-main\sery17-main\frontend\node_modules\@babel\parser\lib\index.js:11011:27)
    at FlowParserMixin.parseExprOps (D:\sery17-main\sery17-main\frontend\node_modules\@babel\parser\lib\index.js:10972:17)
    at FlowParserMixin.parseMaybeConditional (D:\sery17-main\sery17-main\frontend\node_modules\@babel\parser\lib\index.js:10945:23)
    at FlowParserMixin.parseMaybeAssign (D:\sery17-main\sery17-main\frontend\node_modules\@babel\parser\lib\index.js:10895:21)
    at FlowParserMixin.parseMaybeAssign (D:\sery17-main\sery17-main\frontend\node_modules\@babel\parser\lib\index.js:3578:18)
    at FlowParserMixin.parseExpressionBase (D:\sery17-main\sery17-main\frontend\node_modules\@babel\parser\lib\index.js:10848:23)
    at D:\sery17-main\sery17-main\frontend\node_modules\@babel\parser\lib\index.js:10844:39
    at FlowParserMixin.allowInAnd (D:\sery17-main\sery17-main\frontend\node_modules\@babel\parser\lib\index.js:12500:12)
    at FlowParserMixin.parseExpression (D:\sery17-main\sery17-main\frontend\node_modules\@babel\parser\lib\index.js:10844:17)
    at FlowParserMixin.jsxParseExpressionContainer (D:\sery17-main\sery17-main\frontend\node_modules\@babel\parser\lib\index.js:4661:31)
    at FlowParserMixin.jsxParseElementAt (D:\sery17-main\sery17-main\frontend\node_modules\@babel\parser\lib\index.js:4740:36)
    at FlowParserMixin.jsxParseElement (D:\sery17-main\sery17-main\frontend\node_modules\@babel\parser\lib\index.js:4778:17)
    at FlowParserMixin.parseExprAtom (D:\sery17-main\sery17-main\frontend\node_modules\@babel\parser\lib\index.js:4788:19)
    at FlowParserMixin.parseExprSubscripts (D:\sery17-main\sery17-main\frontend\node_modules\@babel\parser\lib\index.js:11145:23)
    at FlowParserMixin.parseUpdate (D:\sery17-main\sery17-main\frontend\node_modules\@babel\parser\lib\index.js:11130:21)

[1m[31mERROR[39m[22m in [1m[eslint] 
src\pages\Login.js
  Line 480:27:  Parsing [1m[31merror[39m[22m[1m: [1m[31mUnexpected[39m[22m[1m token, expected "}" (480:27)

[39m[22m

webpack compiled with [1m[31m2 errors[39m[22m
Compiling...
Failed to compile.

[eslint] 
src\pages\Login.js
Syntax error: Unexpected token, expected "}" (480:27) (480:27)
[1m[31mERROR[39m[22m in [1m./src/pages/Login.js[39m[22m
Module build failed (from ./node_modules/babel-loader/lib/index.js):
SyntaxError: D:\sery17-main\sery17-main\frontend\src\pages\Login.js: Unexpected token, expected "}" (480:27)

[0m [90m 478 |[39m [32m            className="rounded-[3rem] shadow-2xl max-w-md w-full p-12 relative z-10 border-2"[39m
 [90m 479 |[39m [32m            style={{ [39m
[31m[1m>[22m[39m[90m 480 |[39m [32m              background: `[39mlinear[33m-[39mgradient([35m135[39mdeg[33m,[39m ${getThemeColor([32m'primary'[39m)}f5[33m,[39m ${getThemeColor([32m'hover'[39m)}f9)[32m`,[39m
 [90m     |[39m                            [31m[1m^[22m[39m
 [90m 481 |[39m [32m              borderColor: `[39m${getThemeColor([32m'primary'[39m)}[35m66[39m[32m`[39m
 [90m 482 |[39m [32m            }}[39m
 [90m 483 |[39m [32m          >[39m[0m
    at constructor (D:\sery17-main\sery17-main\frontend\node_modules\@babel\parser\lib\index.js:367:19)
    at FlowParserMixin.raise (D:\sery17-main\sery17-main\frontend\node_modules\@babel\parser\lib\index.js:6624:19)
    at FlowParserMixin.unexpected (D:\sery17-main\sery17-main\frontend\node_modules\@babel\parser\lib\index.js:6644:16)
    at FlowParserMixin.expect (D:\sery17-main\sery17-main\frontend\node_modules\@babel\parser\lib\index.js:6924:12)
    at FlowParserMixin.jsxParseExpressionContainer (D:\sery17-main\sery17-main\frontend\node_modules\@babel\parser\lib\index.js:4666:10)
    at FlowParserMixin.jsxParseElementAt (D:\sery17-main\sery17-main\frontend\node_modules\@babel\parser\lib\index.js:4740:36)
    at FlowParserMixin.jsxParseElementAt (D:\sery17-main\sery17-main\frontend\node_modules\@babel\parser\lib\index.js:4727:32)
    at FlowParserMixin.jsxParseElementAt (D:\sery17-main\sery17-main\frontend\node_modules\@babel\parser\lib\index.js:4727:32)
    at FlowParserMixin.jsxParseElementAt (D:\sery17-main\sery17-main\frontend\node_modules\@babel\parser\lib\index.js:4727:32)
    at FlowParserMixin.jsxParseElement (D:\sery17-main\sery17-main\frontend\node_modules\@babel\parser\lib\index.js:4778:17)
    at FlowParserMixin.parseExprAtom (D:\sery17-main\sery17-main\frontend\node_modules\@babel\parser\lib\index.js:4788:19)
    at FlowParserMixin.parseExprSubscripts (D:\sery17-main\sery17-main\frontend\node_modules\@babel\parser\lib\index.js:11145:23)
    at FlowParserMixin.parseUpdate (D:\sery17-main\sery17-main\frontend\node_modules\@babel\parser\lib\index.js:11130:21)
    at FlowParserMixin.parseMaybeUnary (D:\sery17-main\sery17-main\frontend\node_modules\@babel\parser\lib\index.js:11110:23)
    at FlowParserMixin.parseMaybeUnaryOrPrivate (D:\sery17-main\sery17-main\frontend\node_modules\@babel\parser\lib\index.js:10963:61)
    at FlowParserMixin.parseExprOps (D:\sery17-main\sery17-main\frontend\node_modules\@babel\parser\lib\index.js:10968:23)
    at FlowParserMixin.parseMaybeConditional (D:\sery17-main\sery17-main\frontend\node_modules\@babel\parser\lib\index.js:10945:23)
    at FlowParserMixin.parseMaybeAssign (D:\sery17-main\sery17-main\frontend\node_modules\@babel\parser\lib\index.js:10895:21)
    at D:\sery17-main\sery17-main\frontend\node_modules\@babel\parser\lib\index.js:3527:39
    at FlowParserMixin.tryParse (D:\sery17-main\sery17-main\frontend\node_modules\@babel\parser\lib\index.js:6932:20)
    at FlowParserMixin.parseMaybeAssign (D:\sery17-main\sery17-main\frontend\node_modules\@babel\parser\lib\index.js:3527:18)
    at D:\sery17-main\sery17-main\frontend\node_modules\@babel\parser\lib\index.js:10864:39
    at FlowParserMixin.allowInAnd (D:\sery17-main\sery17-main\frontend\node_modules\@babel\parser\lib\index.js:12500:12)
    at FlowParserMixin.parseMaybeAssignAllowIn (D:\sery17-main\sery17-main\frontend\node_modules\@babel\parser\lib\index.js:10864:17)
    at FlowParserMixin.parseMaybeAssignAllowInOrVoidPattern (D:\sery17-main\sery17-main\frontend\node_modules\@babel\parser\lib\index.js:12567:17)
    at FlowParserMixin.parseParenAndDistinguishExpression (D:\sery17-main\sery17-main\frontend\node_modules\@babel\parser\lib\index.js:11747:28)
    at FlowParserMixin.parseParenAndDistinguishExpression (D:\sery17-main\sery17-main\frontend\node_modules\@babel\parser\lib\index.js:3620:18)
    at FlowParserMixin.parseExprAtom (D:\sery17-main\sery17-main\frontend\node_modules\@babel\parser\lib\index.js:11395:23)
    at FlowParserMixin.parseExprAtom (D:\sery17-main\sery17-main\frontend\node_modules\@babel\parser\lib\index.js:4793:20)
    at FlowParserMixin.parseExprSubscripts (D:\sery17-main\sery17-main\frontend\node_modules\@babel\parser\lib\index.js:11145:23)
    at FlowParserMixin.parseUpdate (D:\sery17-main\sery17-main\frontend\node_modules\@babel\parser\lib\index.js:11130:21)
    at FlowParserMixin.parseMaybeUnary (D:\sery17-main\sery17-main\frontend\node_modules\@babel\parser\lib\index.js:11110:23)
    at FlowParserMixin.parseMaybeUnaryOrPrivate (D:\sery17-main\sery17-main\frontend\node_modules\@babel\parser\lib\index.js:10963:61)
    at FlowParserMixin.parseExprOpBaseRightExpr (D:\sery17-main\sery17-main\frontend\node_modules\@babel\parser\lib\index.js:11050:34)
    at FlowParserMixin.parseExprOpRightExpr (D:\sery17-main\sery17-main\frontend\node_modules\@babel\parser\lib\index.js:11045:21)
    at FlowParserMixin.parseExprOp (D:\sery17-main\sery17-main\frontend\node_modules\@babel\parser\lib\index.js:11011:27)
    at FlowParserMixin.parseExprOps (D:\sery17-main\sery17-main\frontend\node_modules\@babel\parser\lib\index.js:10972:17)
    at FlowParserMixin.parseMaybeConditional (D:\sery17-main\sery17-main\frontend\node_modules\@babel\parser\lib\index.js:10945:23)
    at FlowParserMixin.parseMaybeAssign (D:\sery17-main\sery17-main\frontend\node_modules\@babel\parser\lib\index.js:10895:21)
    at FlowParserMixin.parseMaybeAssign (D:\sery17-main\sery17-main\frontend\node_modules\@babel\parser\lib\index.js:3578:18)
    at FlowParserMixin.parseExpressionBase (D:\sery17-main\sery17-main\frontend\node_modules\@babel\parser\lib\index.js:10848:23)
    at D:\sery17-main\sery17-main\frontend\node_modules\@babel\parser\lib\index.js:10844:39
    at FlowParserMixin.allowInAnd (D:\sery17-main\sery17-main\frontend\node_modules\@babel\parser\lib\index.js:12500:12)
    at FlowParserMixin.parseExpression (D:\sery17-main\sery17-main\frontend\node_modules\@babel\parser\lib\index.js:10844:17)
    at FlowParserMixin.jsxParseExpressionContainer (D:\sery17-main\sery17-main\frontend\node_modules\@babel\parser\lib\index.js:4661:31)
    at FlowParserMixin.jsxParseElementAt (D:\sery17-main\sery17-main\frontend\node_modules\@babel\parser\lib\index.js:4740:36)
    at FlowParserMixin.jsxParseElement (D:\sery17-main\sery17-main\frontend\node_modules\@babel\parser\lib\index.js:4778:17)
    at FlowParserMixin.parseExprAtom (D:\sery17-main\sery17-main\frontend\node_modules\@babel\parser\lib\index.js:4788:19)
    at FlowParserMixin.parseExprSubscripts (D:\sery17-main\sery17-main\frontend\node_modules\@babel\parser\lib\index.js:11145:23)
    at FlowParserMixin.parseUpdate (D:\sery17-main\sery17-main\frontend\node_modules\@babel\parser\lib\index.js:11130:21)

[1m[31mERROR[39m[22m in [1m[eslint] 
src\pages\Login.js
  Line 480:27:  Parsing [1m[31merror[39m[22m[1m: [1m[31mUnexpected[39m[22m[1m token, expected "}" (480:27)

[39m[22m

webpack compiled with [1m[31m2 errors[39m[22m
Compiling...
Compiled successfully!
webpack compiled [1m[32msuccessfully[39m[22m
Compiling...
Compiled successfully!
webpack compiled [1m[32msuccessfully[39m[22m
Compiling...
Compiled successfully!
webpack compiled [1m[32msuccessfully[39m[22m
Compiling...
Compiled successfully!
webpack compiled [1m[32msuccessfully[39m[22m
Compiling...
Compiled successfully!
webpack compiled [1m[32msuccessfully[39m[22m
Compiling...
Compiled successfully!
webpack compiled [1m[32msuccessfully[39m[22m
Compiling...
Compiled successfully!
webpack compiled [1m[32msuccessfully[39m[22m
Compiling...
Compiled successfully!
webpack compiled [1m[32msuccessfully[39m[22m
Compiling...
Compiled successfully!
webpack compiled [1m[32msuccessfully[39m[22m
Compiling...
Compiled successfully!
webpack compiled [1m[32msuccessfully[39m[22m
Compiling...
Compiled successfully!
webpack compiled [1m[32msuccessfully[39m[22m
Compiling...
Compiled successfully!
webpack compiled [1m[32msuccessfully[39m[22m
Compiling...
Compiled successfully!
webpack compiled [1m[32msuccessfully[39m[22m
Compiling...
Compiled successfully!
webpack compiled [1m[32msuccessfully[39m[22m
Compiling...
Compiled successfully!
webpack compiled [1m[32msuccessfully[39m[22m
Compiling...
Compiled successfully!
webpack compiled [1m[32msuccessfully[39m[22m
Compiling...
Compiled successfully!
webpack compiled [1m[32msuccessfully[39m[22m
Compiling...
Compiled successfully!
webpack compiled [1m[32msuccessfully[39m[22m
Compiling...
Compiled successfully!
webpack compiled [1m[32msuccessfully[39m[22m
Compiling...
Compiled successfully!
webpack compiled [1m[32msuccessfully[39m[22m
Compiling...
Compiled successfully!
webpack compiled [1m[32msuccessfully[39m[22m
Compiling...
Compiled successfully!
webpack compiled [1m[32msuccessfully[39m[22m
Compiling...
Compiled successfully!
webpack compiled [1m[32msuccessfully[39m[22m
Compiling...
Compiled successfully!
webpack compiled [1m[32msuccessfully[39m[22m
Compiling...
Compiled successfully!
webpack compiled [1m[32msuccessfully[39m[22m
Compiling...
Compiled successfully!
webpack compiled [1m[32msuccessfully[39m[22m
Compiling...
Compiled successfully!
webpack compiled [1m[32msuccessfully[39m[22m
Compiling...
Compiled successfully!
webpack compiled [1m[32msuccessfully[39m[22m
Compiling...
Compiled successfully!
webpack compiled [1m[32msuccessfully[39m[22m
Compiling...
Compiled successfully!
webpack compiled [1m[32msuccessfully[39m[22m
Compiling...
Compiled successfully!
webpack compiled [1m[32msuccessfully[39m[22m
Compiling...
Compiled successfully!
webpack compiled [1m[32msuccessfully[39m[22m
Compiling...
Compiled successfully!
webpack compiled [1m[32msuccessfully[39m[22m
Compiling...
Compiled successfully!
webpack compiled [1m[32msuccessfully[39m[22m
Compiling...
Compiled successfully!
webpack compiled [1m[32msuccessfully[39m[22m
Compiling...
Compiled successfully!
webpack compiled [1m[32msuccessfully[39m[22m
Compiling...
Compiled successfully!
webpack compiled [1m[32msuccessfully[39m[22m
Compiling...
Compiled successfully!
webpack compiled [1m[32msuccessfully[39m[22m
Compiling...
Compiled successfully!
webpack compiled [1m[32msuccessfully[39m[22m
Compiling...
Compiled successfully!
webpack compiled [1m[32msuccessfully[39m[22m
Compiling...
Compiled successfully!
webpack compiled [1m[32msuccessfully[39m[22m
Compiling...
Compiled successfully!
webpack compiled [1m[32msuccessfully[39m[22m
Compiling...
Compiled successfully!
webpack compiled [1m[32msuccessfully[39m[22m
Compiling...
Compiled successfully!
webpack compiled [1m[32msuccessfully[39m[22m
Compiling...
Compiled successfully!
webpack compiled [1m[32msuccessfully[39m[22m
Compiling...
Compiled successfully!
webpack compiled [1m[32msuccessfully[39m[22m
Compiling...
Compiled successfully!
webpack compiled [1m[32msuccessfully[39m[22m
Compiling...
Compiled successfully!
webpack compiled [1m[32msuccessfully[39m[22m
Compiling...
Compiled successfully!
webpack compiled [1m[32msuccessfully[39m[22m
Compiling...
Compiled successfully!
webpack compiled [1m[32msuccessfully[39m[22m
Compiling...
Compiled successfully!
webpack compiled [1m[32msuccessfully[39m[22m
Compiling...
Compiled successfully!
webpack compiled [1m[32msuccessfully[39m[22m
Compiling...
Compiled successfully!
webpack compiled [1m[32msuccessfully[39m[22m
Compiling...
Compiled successfully!
webpack compiled [1m[32msuccessfully[39m[22m
